Using pre-set license
Built from '2020.3/staging' branch; Version is '2020.3.45f1 (660cd1701bd5) revision 6687953'; Using compiler version '192528614'; Build Type 'Release'
OS: 'Windows 10  (10.0.19045) 64bit Core' Language: 'ko' Physical Memory: 16281 MB
BatchMode: 1, IsHumanControllingUs: 0, StartBugReporterOnCrash: 0, Is64bit: 1, IsPro: 0

COMMAND LINE ARGUMENTS:
D:\2020.3.45f1\Editor\Unity.exe
-adb2
-batchMode
-noUpm
-name
AssetImportWorker1
-projectPath
D:/GitHub/TheSouthwesternDoor/Plattach
-logFile
Logs/AssetImportWorker1.log
-srvPort
51459
Successfully changed project path to: D:/GitHub/TheSouthwesternDoor/Plattach
D:/GitHub/TheSouthwesternDoor/Plattach
Using Asset Import Pipeline V2.
Player connection [21472] Host "[IP] 192.168.0.5 [Port] 73 [Flags] 2 [Guid] 3504309068 [EditorId] 3504309068 [Version] 1048832 [Id] WindowsEditor(7,DESKTOP-2LB6MP8) [Debug] 1 [PackageName] WindowsEditor [ProjectName] Editor" joined multi-casting on [225.0.0.222:54997]...

Player connection [21472] Host "[IP] 192.168.0.5 [Port] 73 [Flags] 2 [Guid] 3504309068 [EditorId] 3504309068 [Version] 1048832 [Id] WindowsEditor(7,DESKTOP-2LB6MP8) [Debug] 1 [PackageName] WindowsEditor [ProjectName] Editor" joined alternative multi-casting on [225.0.0.222:34997]...

Refreshing native plugins compatible for Editor in 24.50 ms, found 2 plugins.
Preloading 0 native plugins for Editor in 0.00 ms.
Initialize engine version: 2020.3.45f1 (660cd1701bd5)
[Subsystems] Discovering subsystems at path D:/2020.3.45f1/Editor/Data/Resources/UnitySubsystems
[Subsystems] Discovering subsystems at path D:/GitHub/TheSouthwesternDoor/Plattach/Assets
GfxDevice: creating device client; threaded=0
Direct3D:
    Version:  Direct3D 11.0 [level 11.1]
    Renderer: NVIDIA GeForce GTX 1650 (ID=0x1f82)
    Vendor:   
    VRAM:     3962 MB
    Driver:   31.0.15.1694
Initialize mono
Mono path[0] = 'D:/2020.3.45f1/Editor/Data/Managed'
Mono path[1] = 'D:/2020.3.45f1/Editor/Data/MonoBleedingEdge/lib/mono/unityjit'
Mono config path = 'D:/2020.3.45f1/Editor/Data/MonoBleedingEdge/etc'
Using monoOptions --debugger-agent=transport=dt_socket,embedding=1,server=y,suspend=n,address=127.0.0.1:56224
Begin MonoManager ReloadAssembly
Registering precompiled unity dll's ...
Register platform support module: D:/2020.3.45f1/Editor/Data/PlaybackEngines/WindowsStandaloneSupport/UnityEditor.WindowsStandalone.Extensions.dll
Registered in 0.001034 seconds.
Native extension for WindowsStandalone target not found
Refreshing native plugins compatible for Editor in 24.73 ms, found 2 plugins.
Preloading 0 native plugins for Editor in 0.00 ms.
Mono: successfully reloaded assembly
- Completed reload, in  0.512 seconds
Domain Reload Profiling:
	ReloadAssembly (512ms)
		BeginReloadAssembly (50ms)
			ExecutionOrderSort (0ms)
			DisableScriptedObjects (0ms)
			BackupInstance (0ms)
			ReleaseScriptingObjects (0ms)
			CreateAndSetChildDomain (1ms)
		EndReloadAssembly (400ms)
			LoadAssemblies (50ms)
			RebuildTransferFunctionScriptingTraits (0ms)
			SetupTypeCache (135ms)
			ReleaseScriptCaches (0ms)
			RebuildScriptCaches (33ms)
			SetupLoadedEditorAssemblies (144ms)
				LogAssemblyErrors (0ms)
				InitializePlatformSupportModulesInManaged (4ms)
				SetLoadedEditorAssemblies (0ms)
				RefreshPlugins (25ms)
				BeforeProcessingInitializeOnLoad (15ms)
				ProcessInitializeOnLoadAttributes (74ms)
				ProcessInitializeOnLoadMethodAttributes (26ms)
				AfterProcessingInitializeOnLoad (0ms)
				EditorAssembliesLoaded (0ms)
			ExecutionOrderSort2 (0ms)
			AwakeInstancesAfterBackupRestoration (0ms)
Platform modules already initialized, skipping
Registering precompiled user dll's ...
Registered in 0.001499 seconds.
Begin MonoManager ReloadAssembly
Native extension for WindowsStandalone target not found
Refreshing native plugins compatible for Editor in 0.26 ms, found 2 plugins.
Preloading 0 native plugins for Editor in 0.00 ms.
Mono: successfully reloaded assembly
- Completed reload, in  0.911 seconds
Domain Reload Profiling:
	ReloadAssembly (912ms)
		BeginReloadAssembly (127ms)
			ExecutionOrderSort (0ms)
			DisableScriptedObjects (5ms)
			BackupInstance (0ms)
			ReleaseScriptingObjects (0ms)
			CreateAndSetChildDomain (17ms)
		EndReloadAssembly (732ms)
			LoadAssemblies (75ms)
			RebuildTransferFunctionScriptingTraits (0ms)
			SetupTypeCache (254ms)
			ReleaseScriptCaches (0ms)
			RebuildScriptCaches (48ms)
			SetupLoadedEditorAssemblies (285ms)
				LogAssemblyErrors (0ms)
				InitializePlatformSupportModulesInManaged (4ms)
				SetLoadedEditorAssemblies (0ms)
				RefreshPlugins (0ms)
				BeforeProcessingInitializeOnLoad (70ms)
				ProcessInitializeOnLoadAttributes (198ms)
				ProcessInitializeOnLoadMethodAttributes (10ms)
				AfterProcessingInitializeOnLoad (2ms)
				EditorAssembliesLoaded (0ms)
			ExecutionOrderSort2 (0ms)
			AwakeInstancesAfterBackupRestoration (2ms)
Platform modules already initialized, skipping
========================================================================
Worker process is ready to serve import requests
Launched and connected shader compiler UnityShaderCompiler.exe after 0.04 seconds
Refreshing native plugins compatible for Editor in 0.26 ms, found 2 plugins.
Preloading 0 native plugins for Editor in 0.00 ms.
Unloading 1381 Unused Serialized files (Serialized files now loaded: 0)
System memory in use before: 69.8 MB.
System memory in use after: 69.8 MB.

Unloading 16 unused Assets to reduce memory usage. Loaded Objects now: 1819.
Total: 2.064000 ms (FindLiveObjects: 0.102500 ms CreateObjectMapping: 0.042400 ms MarkObjects: 1.864100 ms  DeleteObjects: 0.054300 ms)

AssetImportParameters requested are different than current active one (requested -> active):
  custom:framework-win-MediaFoundation: 216162199b28c13a410421893ffa2e32 -> 
  custom:video-decoder-ogg-theora: a1e56fd34408186e4bbccfd4996cb3dc -> 
  custom:container-muxer-webm: aa71ff27fc2769a1b78a27578f13a17b -> 
  custom:container-demuxer-webm: 4f35f7cbe854078d1ac9338744f61a02 -> 
  custom:container-demuxer-ogg: 62fdf1f143b41e24485cea50d1cbac27 -> 
  custom:video-encoder-webm-vp8: eb34c28f22e8b96e1ab97ce403110664 -> 
  custom:video-decoder-webm-vp8: 9c59270c3fd7afecdb556c50c9e8de78 -> 
  custom:audio-decoder-ogg-vorbis: bf7c407c2cedff20999df2af8eb42d56 -> 
  custom:audio-encoder-webm-vorbis: bf7c407c2cedff20999df2af8eb42d56 -> 
========================================================================
Received Import Request.
  path: Assets/Scenes/Tutorial2.unity
  artifactKey: Guid(7797f501be911964eb112623e701d4d6) Importer(815301076,1909f56bfc062723c751e8b465ee728b)
Start importing Assets/Scenes/Tutorial2.unity using Guid(7797f501be911964eb112623e701d4d6) Importer(815301076,1909f56bfc062723c751e8b465ee728b)  -> (artifact id: '59abb9ee659a3cd932c57e5f0d19c788') in 0.007262 seconds 
========================================================================
Received Import Request.
  Time since last request: 203.540810 seconds.
  path: Assets
  artifactKey: Guid(00000000000000001000000000000000) Importer(815301076,1909f56bfc062723c751e8b465ee728b)
Start importing Assets using Guid(00000000000000001000000000000000) Importer(815301076,1909f56bfc062723c751e8b465ee728b)  -> (artifact id: '42d402b061de3733987d63b9cc3b64de') in 0.007868 seconds 
========================================================================
Received Import Request.
  Time since last request: 18.550405 seconds.
  path: Assets/black.mat
  artifactKey: Guid(ccbf430c352f52543b53b9c849a1f435) Importer(815301076,1909f56bfc062723c751e8b465ee728b)
Start importing Assets/black.mat using Guid(ccbf430c352f52543b53b9c849a1f435) Importer(815301076,1909f56bfc062723c751e8b465ee728b)  -> (artifact id: '29b56c56e1703ad2ae7ce726c1909d45') in 0.124113 seconds 
========================================================================
Received Import Request.
  Time since last request: 12.178320 seconds.
  path: Assets/Materials
  artifactKey: Guid(73a85d48e0c14604fbe61d15e2603357) Importer(815301076,1909f56bfc062723c751e8b465ee728b)
Start importing Assets/Materials using Guid(73a85d48e0c14604fbe61d15e2603357) Importer(815301076,1909f56bfc062723c751e8b465ee728b)  -> (artifact id: '07fc36761dae2b788ffd0239f179451d') in 0.007424 seconds 
========================================================================
Received Import Request.
  Time since last request: 24.665841 seconds.
  path: Assets/Materials/New Material.mat
  artifactKey: Guid(f1794cb9305f8c348b5b6d64d3de98f4) Importer(815301076,1909f56bfc062723c751e8b465ee728b)
Start importing Assets/Materials/New Material.mat using Guid(f1794cb9305f8c348b5b6d64d3de98f4) Importer(815301076,1909f56bfc062723c751e8b465ee728b)  -> (artifact id: 'c1b698fb34ba19b79c2e8847cbfa51c5') in 0.027416 seconds 
========================================================================
Received Import Request.
  Time since last request: 5.530822 seconds.
  path: Assets/Materials/Blue.mat
  artifactKey: Guid(f1794cb9305f8c348b5b6d64d3de98f4) Importer(815301076,1909f56bfc062723c751e8b465ee728b)
Start importing Assets/Materials/Blue.mat using Guid(f1794cb9305f8c348b5b6d64d3de98f4) Importer(815301076,1909f56bfc062723c751e8b465ee728b)  -> (artifact id: '6a94ce7dde845708d7a8b9c3246195b1') in 0.018775 seconds 
========================================================================
Received Import Request.
  Time since last request: 41.993874 seconds.
  path: Assets/Materials/Pink.mat
  artifactKey: Guid(1fca9dc136313d741a210130961778f8) Importer(815301076,1909f56bfc062723c751e8b465ee728b)
Start importing Assets/Materials/Pink.mat using Guid(1fca9dc136313d741a210130961778f8) Importer(815301076,1909f56bfc062723c751e8b465ee728b)  -> (artifact id: '2911d7e270ba51237bf66394f199b3ca') in 0.030427 seconds 
========================================================================
Received Import Request.
  Time since last request: 19.681891 seconds.
  path: Assets/Materials/black.mat
  artifactKey: Guid(ccbf430c352f52543b53b9c849a1f435) Importer(815301076,1909f56bfc062723c751e8b465ee728b)
Start importing Assets/Materials/black.mat using Guid(ccbf430c352f52543b53b9c849a1f435) Importer(815301076,1909f56bfc062723c751e8b465ee728b)  -> (artifact id: '14905756888c4becef147152d024d510') in 0.030985 seconds 
========================================================================
Received Import Request.
  Time since last request: 0.000146 seconds.
  path: Assets/Materials/Pink.mat
  artifactKey: Guid(1fca9dc136313d741a210130961778f8) Importer(815301076,1909f56bfc062723c751e8b465ee728b)
Start importing Assets/Materials/Pink.mat using Guid(1fca9dc136313d741a210130961778f8) Importer(815301076,1909f56bfc062723c751e8b465ee728b)  -> (artifact id: 'da19d342346d67ebd72e9df6e703b60d') in 0.011075 seconds 
========================================================================
Received Import Request.
  Time since last request: 0.000183 seconds.
  path: Assets/Materials/Blue.mat
  artifactKey: Guid(f1794cb9305f8c348b5b6d64d3de98f4) Importer(815301076,1909f56bfc062723c751e8b465ee728b)
Start importing Assets/Materials/Blue.mat using Guid(f1794cb9305f8c348b5b6d64d3de98f4) Importer(815301076,1909f56bfc062723c751e8b465ee728b)  -> (artifact id: '8e56cb6c7f1d4996cedbe163db9a26db') in 0.023636 seconds 
========================================================================
Received Import Request.
  Time since last request: 101.407833 seconds.
  path: Assets/Scripts/Tutorials
  artifactKey: Guid(62baa290aeb5bae479744bb3fd7ac4fc) Importer(815301076,1909f56bfc062723c751e8b465ee728b)
Start importing Assets/Scripts/Tutorials using Guid(62baa290aeb5bae479744bb3fd7ac4fc) Importer(815301076,1909f56bfc062723c751e8b465ee728b)  -> (artifact id: '366ca4a146bf269b5feb1d2586a76cde') in 0.006349 seconds 
========================================================================
Received Import Request.
  Time since last request: 9.763907 seconds.
  path: Assets/Scripts/Tutorials/Picking.cs
  artifactKey: Guid(f39503a2e27772c4e9e82b12095ec989) Importer(815301076,1909f56bfc062723c751e8b465ee728b)
Start importing Assets/Scripts/Tutorials/Picking.cs using Guid(f39503a2e27772c4e9e82b12095ec989) Importer(815301076,1909f56bfc062723c751e8b465ee728b)  -> (artifact id: '6d9926e283e261b43c12bbb62fc268c4') in 0.007450 seconds 
========================================================================
Received Prepare
Registering precompiled user dll's ...
Registered in 0.001538 seconds.
Begin MonoManager ReloadAssembly
Native extension for WindowsStandalone target not found
Refreshing native plugins compatible for Editor in 0.27 ms, found 2 plugins.
Preloading 0 native plugins for Editor in 0.00 ms.
Mono: successfully reloaded assembly
- Completed reload, in  1.168 seconds
Domain Reload Profiling:
	ReloadAssembly (1168ms)
		BeginReloadAssembly (101ms)
			ExecutionOrderSort (0ms)
			DisableScriptedObjects (4ms)
			BackupInstance (0ms)
			ReleaseScriptingObjects (0ms)
			CreateAndSetChildDomain (28ms)
		EndReloadAssembly (996ms)
			LoadAssemblies (81ms)
			RebuildTransferFunctionScriptingTraits (0ms)
			SetupTypeCache (250ms)
			ReleaseScriptCaches (1ms)
			RebuildScriptCaches (42ms)
			SetupLoadedEditorAssemblies (559ms)
				LogAssemblyErrors (0ms)
				InitializePlatformSupportModulesInManaged (4ms)
				SetLoadedEditorAssemblies (0ms)
				RefreshPlugins (0ms)
				BeforeProcessingInitializeOnLoad (61ms)
				ProcessInitializeOnLoadAttributes (482ms)
				ProcessInitializeOnLoadMethodAttributes (9ms)
				AfterProcessingInitializeOnLoad (2ms)
				EditorAssembliesLoaded (0ms)
			ExecutionOrderSort2 (0ms)
			AwakeInstancesAfterBackupRestoration (2ms)
Platform modules already initialized, skipping
Refreshing native plugins compatible for Editor in 0.29 ms, found 2 plugins.
Preloading 0 native plugins for Editor in 0.00 ms.
Unloading 1363 Unused Serialized files (Serialized files now loaded: 0)
System memory in use before: 71.6 MB.
System memory in use after: 71.7 MB.

Unloading 11 unused Assets to reduce memory usage. Loaded Objects now: 1864.
Total: 1.992200 ms (FindLiveObjects: 0.107200 ms CreateObjectMapping: 0.039500 ms MarkObjects: 1.829800 ms  DeleteObjects: 0.015000 ms)

AssetImportParameters requested are different than current active one (requested -> active):
  custom:framework-win-MediaFoundation: 216162199b28c13a410421893ffa2e32 -> 
  custom:video-decoder-ogg-theora: a1e56fd34408186e4bbccfd4996cb3dc -> 
  custom:container-muxer-webm: aa71ff27fc2769a1b78a27578f13a17b -> 
  custom:container-demuxer-webm: 4f35f7cbe854078d1ac9338744f61a02 -> 
  custom:container-demuxer-ogg: 62fdf1f143b41e24485cea50d1cbac27 -> 
  custom:video-encoder-webm-vp8: eb34c28f22e8b96e1ab97ce403110664 -> 
  custom:video-decoder-webm-vp8: 9c59270c3fd7afecdb556c50c9e8de78 -> 
  custom:audio-decoder-ogg-vorbis: bf7c407c2cedff20999df2af8eb42d56 -> 
  custom:audio-encoder-webm-vorbis: bf7c407c2cedff20999df2af8eb42d56 -> 
========================================================================
Received Prepare
Registering precompiled user dll's ...
Registered in 0.001533 seconds.
Begin MonoManager ReloadAssembly
Native extension for WindowsStandalone target not found
Refreshing native plugins compatible for Editor in 0.26 ms, found 2 plugins.
Preloading 0 native plugins for Editor in 0.00 ms.
Mono: successfully reloaded assembly
- Completed reload, in  0.819 seconds
Domain Reload Profiling:
	ReloadAssembly (819ms)
		BeginReloadAssembly (93ms)
			ExecutionOrderSort (0ms)
			DisableScriptedObjects (4ms)
			BackupInstance (0ms)
			ReleaseScriptingObjects (0ms)
			CreateAndSetChildDomain (27ms)
		EndReloadAssembly (676ms)
			LoadAssemblies (75ms)
			RebuildTransferFunctionScriptingTraits (0ms)
			SetupTypeCache (244ms)
			ReleaseScriptCaches (1ms)
			RebuildScriptCaches (39ms)
			SetupLoadedEditorAssemblies (248ms)
				LogAssemblyErrors (0ms)
				InitializePlatformSupportModulesInManaged (4ms)
				SetLoadedEditorAssemblies (0ms)
				RefreshPlugins (0ms)
				BeforeProcessingInitializeOnLoad (61ms)
				ProcessInitializeOnLoadAttributes (172ms)
				ProcessInitializeOnLoadMethodAttributes (8ms)
				AfterProcessingInitializeOnLoad (2ms)
				EditorAssembliesLoaded (0ms)
			ExecutionOrderSort2 (0ms)
			AwakeInstancesAfterBackupRestoration (2ms)
Platform modules already initialized, skipping
Refreshing native plugins compatible for Editor in 0.28 ms, found 2 plugins.
Preloading 0 native plugins for Editor in 0.00 ms.
Unloading 1362 Unused Serialized files (Serialized files now loaded: 0)
System memory in use before: 71.6 MB.
System memory in use after: 71.7 MB.

Unloading 12 unused Assets to reduce memory usage. Loaded Objects now: 1866.
Total: 1.984000 ms (FindLiveObjects: 0.105900 ms CreateObjectMapping: 0.036100 ms MarkObjects: 1.822900 ms  DeleteObjects: 0.018500 ms)

AssetImportParameters requested are different than current active one (requested -> active):
  custom:framework-win-MediaFoundation: 216162199b28c13a410421893ffa2e32 -> 
  custom:video-decoder-ogg-theora: a1e56fd34408186e4bbccfd4996cb3dc -> 
  custom:container-muxer-webm: aa71ff27fc2769a1b78a27578f13a17b -> 
  custom:container-demuxer-webm: 4f35f7cbe854078d1ac9338744f61a02 -> 
  custom:container-demuxer-ogg: 62fdf1f143b41e24485cea50d1cbac27 -> 
  custom:video-encoder-webm-vp8: eb34c28f22e8b96e1ab97ce403110664 -> 
  custom:video-decoder-webm-vp8: 9c59270c3fd7afecdb556c50c9e8de78 -> 
  custom:audio-decoder-ogg-vorbis: bf7c407c2cedff20999df2af8eb42d56 -> 
  custom:audio-encoder-webm-vorbis: bf7c407c2cedff20999df2af8eb42d56 -> 
========================================================================
Received Import Request.
  Time since last request: 151.214466 seconds.
  path: Assets/Materials/Yellow.mat
  artifactKey: Guid(b8a0ef8b7ca7386499ca239d69cc1a60) Importer(815301076,1909f56bfc062723c751e8b465ee728b)
Start importing Assets/Materials/Yellow.mat using Guid(b8a0ef8b7ca7386499ca239d69cc1a60) Importer(815301076,1909f56bfc062723c751e8b465ee728b)  -> (artifact id: 'f18eb658523b7da242f9efec5e88942e') in 0.061348 seconds 
========================================================================
Received Import Request.
  Time since last request: 11.235533 seconds.
  path: Assets/Materials/Yellow.mat
  artifactKey: Guid(b8a0ef8b7ca7386499ca239d69cc1a60) Importer(815301076,1909f56bfc062723c751e8b465ee728b)
Start importing Assets/Materials/Yellow.mat using Guid(b8a0ef8b7ca7386499ca239d69cc1a60) Importer(815301076,1909f56bfc062723c751e8b465ee728b)  -> (artifact id: 'd24d8ed3aab2fb02c21823ef039c8ff4') in 0.025181 seconds 
========================================================================
Received Import Request.
  Time since last request: 8.586868 seconds.
  path: Assets/Animations
  artifactKey: Guid(ff34b14f2e01b7d4b86cb7bb165e8e80) Importer(815301076,1909f56bfc062723c751e8b465ee728b)
Start importing Assets/Animations using Guid(ff34b14f2e01b7d4b86cb7bb165e8e80) Importer(815301076,1909f56bfc062723c751e8b465ee728b)  -> (artifact id: 'acb3b65f98c54f24789e1d8ca51fd0c7') in 0.005648 seconds 
========================================================================
Received Import Request.
  Time since last request: 19.017809 seconds.
  path: Assets/Animations/New Animator Controller.controller
  artifactKey: Guid(a6c1fea96c59cf54b8ee45c1125bd86e) Importer(815301076,1909f56bfc062723c751e8b465ee728b)
Start importing Assets/Animations/New Animator Controller.controller using Guid(a6c1fea96c59cf54b8ee45c1125bd86e) Importer(815301076,1909f56bfc062723c751e8b465ee728b)  -> (artifact id: 'd49ee302b07c5c8abe0008c3294c8997') in 0.008527 seconds 
========================================================================
Received Import Request.
  Time since last request: 49.873930 seconds.
  path: Assets/Animations/moveRight.controller
  artifactKey: Guid(a6c1fea96c59cf54b8ee45c1125bd86e) Importer(815301076,1909f56bfc062723c751e8b465ee728b)
Start importing Assets/Animations/moveRight.controller using Guid(a6c1fea96c59cf54b8ee45c1125bd86e) Importer(815301076,1909f56bfc062723c751e8b465ee728b)  -> (artifact id: 'ecff02531550ad7a9883df8a957a2e5d') in 0.006827 seconds 
========================================================================
Received Import Request.
  Time since last request: 12.882473 seconds.
  path: Assets/Animations/moveRight.anim
  artifactKey: Guid(82af3cd20afe7a14295e28cef3447000) Importer(815301076,1909f56bfc062723c751e8b465ee728b)
Start importing Assets/Animations/moveRight.anim using Guid(82af3cd20afe7a14295e28cef3447000) Importer(815301076,1909f56bfc062723c751e8b465ee728b)  -> (artifact id: '4272cf0ad130901bcf2a2a81e12a78e9') in 0.003523 seconds 
========================================================================
Received Prepare
Registering precompiled user dll's ...
Registered in 0.001430 seconds.
Begin MonoManager ReloadAssembly
Native extension for WindowsStandalone target not found
Refreshing native plugins compatible for Editor in 0.29 ms, found 2 plugins.
Preloading 0 native plugins for Editor in 0.00 ms.
Mono: successfully reloaded assembly
- Completed reload, in  0.815 seconds
Domain Reload Profiling:
	ReloadAssembly (816ms)
		BeginReloadAssembly (94ms)
			ExecutionOrderSort (0ms)
			DisableScriptedObjects (4ms)
			BackupInstance (0ms)
			ReleaseScriptingObjects (0ms)
			CreateAndSetChildDomain (28ms)
		EndReloadAssembly (674ms)
			LoadAssemblies (73ms)
			RebuildTransferFunctionScriptingTraits (0ms)
			SetupTypeCache (227ms)
			ReleaseScriptCaches (1ms)
			RebuildScriptCaches (38ms)
			SetupLoadedEditorAssemblies (267ms)
				LogAssemblyErrors (0ms)
				InitializePlatformSupportModulesInManaged (4ms)
				SetLoadedEditorAssemblies (0ms)
				RefreshPlugins (0ms)
				BeforeProcessingInitializeOnLoad (63ms)
				ProcessInitializeOnLoadAttributes (189ms)
				ProcessInitializeOnLoadMethodAttributes (8ms)
				AfterProcessingInitializeOnLoad (2ms)
				EditorAssembliesLoaded (0ms)
			ExecutionOrderSort2 (0ms)
			AwakeInstancesAfterBackupRestoration (2ms)
Platform modules already initialized, skipping
Refreshing native plugins compatible for Editor in 0.26 ms, found 2 plugins.
Preloading 0 native plugins for Editor in 0.00 ms.
Unloading 1362 Unused Serialized files (Serialized files now loaded: 0)
System memory in use before: 71.7 MB.
System memory in use after: 71.8 MB.

Unloading 11 unused Assets to reduce memory usage. Loaded Objects now: 1870.
Total: 2.275300 ms (FindLiveObjects: 0.112200 ms CreateObjectMapping: 0.045400 ms MarkObjects: 2.098000 ms  DeleteObjects: 0.018900 ms)

AssetImportParameters requested are different than current active one (requested -> active):
  custom:framework-win-MediaFoundation: 216162199b28c13a410421893ffa2e32 -> 
  custom:video-decoder-ogg-theora: a1e56fd34408186e4bbccfd4996cb3dc -> 
  custom:container-muxer-webm: aa71ff27fc2769a1b78a27578f13a17b -> 
  custom:container-demuxer-webm: 4f35f7cbe854078d1ac9338744f61a02 -> 
  custom:container-demuxer-ogg: 62fdf1f143b41e24485cea50d1cbac27 -> 
  custom:video-encoder-webm-vp8: eb34c28f22e8b96e1ab97ce403110664 -> 
  custom:video-decoder-webm-vp8: 9c59270c3fd7afecdb556c50c9e8de78 -> 
  custom:audio-decoder-ogg-vorbis: bf7c407c2cedff20999df2af8eb42d56 -> 
  custom:audio-encoder-webm-vorbis: bf7c407c2cedff20999df2af8eb42d56 -> 
========================================================================
Received Import Request.
  Time since last request: 127.684628 seconds.
  path: Assets/Animations/moveRight.controller
  artifactKey: Guid(a6c1fea96c59cf54b8ee45c1125bd86e) Importer(815301076,1909f56bfc062723c751e8b465ee728b)
Start importing Assets/Animations/moveRight.controller using Guid(a6c1fea96c59cf54b8ee45c1125bd86e) Importer(815301076,1909f56bfc062723c751e8b465ee728b)  -> (artifact id: '64438ca69422bc1082034de487f3f6b5') in 0.013635 seconds 
========================================================================
Received Import Request.
  Time since last request: 209.803005 seconds.
  path: Assets/Scenes/Tutorial2.unity
  artifactKey: Guid(7797f501be911964eb112623e701d4d6) Importer(815301076,1909f56bfc062723c751e8b465ee728b)
Start importing Assets/Scenes/Tutorial2.unity using Guid(7797f501be911964eb112623e701d4d6) Importer(815301076,1909f56bfc062723c751e8b465ee728b)  -> (artifact id: '932616b923da80de0c215a59c962c830') in 0.001688 seconds 
========================================================================
Received Import Request.
  Time since last request: 18.092309 seconds.
  path: Assets/Font
  artifactKey: Guid(0bfceda707a93c045a1e448779cc12f3) Importer(815301076,1909f56bfc062723c751e8b465ee728b)
Start importing Assets/Font using Guid(0bfceda707a93c045a1e448779cc12f3) Importer(815301076,1909f56bfc062723c751e8b465ee728b)  -> (artifact id: 'd36a400bddc43eb3012b47a83325b5d3') in 0.006504 seconds 
========================================================================
Received Import Request.
  Time since last request: 2.823050 seconds.
  path: Assets/TextMesh Pro
  artifactKey: Guid(f54d1bd14bd3ca042bd867b519fee8cc) Importer(815301076,1909f56bfc062723c751e8b465ee728b)
Start importing Assets/TextMesh Pro using Guid(f54d1bd14bd3ca042bd867b519fee8cc) Importer(815301076,1909f56bfc062723c751e8b465ee728b)  -> (artifact id: '6170b652e791f28e2dae01803c8e71bf') in 0.006324 seconds 
========================================================================
Received Prepare
Registering precompiled user dll's ...
Registered in 0.001495 seconds.
Begin MonoManager ReloadAssembly
Native extension for WindowsStandalone target not found
Refreshing native plugins compatible for Editor in 0.27 ms, found 2 plugins.
Preloading 0 native plugins for Editor in 0.00 ms.
Mono: successfully reloaded assembly
- Completed reload, in  0.836 seconds
Domain Reload Profiling:
	ReloadAssembly (836ms)
		BeginReloadAssembly (95ms)
			ExecutionOrderSort (0ms)
			DisableScriptedObjects (4ms)
			BackupInstance (0ms)
			ReleaseScriptingObjects (0ms)
			CreateAndSetChildDomain (26ms)
		EndReloadAssembly (693ms)
			LoadAssemblies (76ms)
			RebuildTransferFunctionScriptingTraits (0ms)
			SetupTypeCache (232ms)
			ReleaseScriptCaches (1ms)
			RebuildScriptCaches (38ms)
			SetupLoadedEditorAssemblies (277ms)
				LogAssemblyErrors (0ms)
				InitializePlatformSupportModulesInManaged (4ms)
				SetLoadedEditorAssemblies (0ms)
				RefreshPlugins (0ms)
				BeforeProcessingInitializeOnLoad (63ms)
				ProcessInitializeOnLoadAttributes (198ms)
				ProcessInitializeOnLoadMethodAttributes (8ms)
				AfterProcessingInitializeOnLoad (2ms)
				EditorAssembliesLoaded (0ms)
			ExecutionOrderSort2 (0ms)
			AwakeInstancesAfterBackupRestoration (2ms)
Platform modules already initialized, skipping
Refreshing native plugins compatible for Editor in 0.27 ms, found 2 plugins.
Preloading 0 native plugins for Editor in 0.00 ms.
Unloading 1362 Unused Serialized files (Serialized files now loaded: 0)
System memory in use before: 71.7 MB.
System memory in use after: 71.8 MB.

Unloading 11 unused Assets to reduce memory usage. Loaded Objects now: 1873.
Total: 2.151200 ms (FindLiveObjects: 0.116100 ms CreateObjectMapping: 0.042700 ms MarkObjects: 1.975200 ms  DeleteObjects: 0.016400 ms)

AssetImportParameters requested are different than current active one (requested -> active):
  custom:framework-win-MediaFoundation: 216162199b28c13a410421893ffa2e32 -> 
  custom:video-decoder-ogg-theora: a1e56fd34408186e4bbccfd4996cb3dc -> 
  custom:container-muxer-webm: aa71ff27fc2769a1b78a27578f13a17b -> 
  custom:container-demuxer-webm: 4f35f7cbe854078d1ac9338744f61a02 -> 
  custom:container-demuxer-ogg: 62fdf1f143b41e24485cea50d1cbac27 -> 
  custom:video-encoder-webm-vp8: eb34c28f22e8b96e1ab97ce403110664 -> 
  custom:video-decoder-webm-vp8: 9c59270c3fd7afecdb556c50c9e8de78 -> 
  custom:audio-decoder-ogg-vorbis: bf7c407c2cedff20999df2af8eb42d56 -> 
  custom:audio-encoder-webm-vorbis: bf7c407c2cedff20999df2af8eb42d56 -> 
AssetImportWorkerClient::OnTransportError - code=2 error=End of file
